<?xml version="1.0" encoding="UTF-8" standalone="no"?>
<!DOCTYPE log SYSTEM "logger.dtd">
<log>
<record>
  <date>2024-03-12T13:46:09.751608500Z</date>
  <millis>1710251169751</millis>
  <nanos>608500</nanos>
  <sequence>0</sequence>
  <logger>jmetal.core.util.JMetalLogger</logger>
  <level>INFO</level>
  <class>jmetal.core.util.JMetalLogger</class>
  <method>configureLoggers</method>
  <thread>1</thread>
  <message>Loggers configured with null</message>
</record>
<record>
  <date>2024-03-12T13:46:09.821670600Z</date>
  <millis>1710251169821</millis>
  <nanos>670600</nanos>
  <sequence>1</sequence>
  <logger>jmetal.core.util.JMetalLogger</logger>
  <level>INFO</level>
  <class>jmetal.algorithm.multiobjective.nsgaiii.NSGAIII</class>
  <method>&lt;init&gt;</method>
  <thread>1</thread>
  <message>rpssize: 5</message>
</record>
</log>
